<?xml version="1.0" encoding="UTF-8"?>
<!-- Generated by org.testng.reporters.JUnitReportReporter -->
<testsuite hostname="LAPTOP-NIRBPM1U" failures="0" tests="9" name="com.answerdigital.qa.testcases.HomePageTest" time="138.251" errors="0" timestamp="2021-07-10T02:12:55 BST" skipped="0">
  <testcase classname="com.answerdigital.qa.testcases.HomePageTest" name="HomePageTitleTest" time="13.244"/>
  <system-out/>
  <testcase classname="com.answerdigital.qa.testcases.HomePageTest" name="AnswerDigitalLogoImageTest" time="13.189"/>
  <system-out/>
  <testcase classname="com.answerdigital.qa.testcases.HomePageTest" name="VerifyOurServicesLinkTest" time="14.668"/>
  <system-out/>
  <testcase classname="com.answerdigital.qa.testcases.HomePageTest" name="VerifyOurWorkLinkTest" time="15.579"/>
  <system-out/>
  <testcase classname="com.answerdigital.qa.testcases.HomePageTest" name="VerifyCareerLinkTest" time="15.923"/>
  <system-out/>
  <testcase classname="com.answerdigital.qa.testcases.HomePageTest" name="VerifyAcademyLinkTest" time="16.647"/>
  <system-out/>
  <testcase classname="com.answerdigital.qa.testcases.HomePageTest" name="VerifyAboutUsLinkTest" time="14.195"/>
  <system-out/>
  <testcase classname="com.answerdigital.qa.testcases.HomePageTest" name="VerifyInsightLinkTest" time="19.654"/>
  <system-out/>
  <testcase classname="com.answerdigital.qa.testcases.HomePageTest" name="VerifyContactUsLinkTest" time="15.152"/>
  <system-out/>
</testsuite> <!-- com.answerdigital.qa.testcases.HomePageTest -->
