<?xml version="1.0" encoding="UTF-8"?>
<!-- Generated by org.testng.reporters.JUnitReportReporter -->
<testsuite hostname="LAPTOP-NIRBPM1U" failures="0" tests="1" name="com.answerdigital.qa.testcases.JobApplyPageTest" time="23.441" errors="0" timestamp="2021-07-10T02:12:55 BST" skipped="0">
  <testcase classname="com.answerdigital.qa.testcases.JobApplyPageTest" name="ApplyJobLinkTest" time="23.441"/>
  <system-out/>
</testsuite> <!-- com.answerdigital.qa.testcases.JobApplyPageTest -->
