<?xml version="1.0" encoding="UTF-8"?>
<!-- Generated by org.testng.reporters.JUnitReportReporter -->
<testsuite hostname="LAPTOP-NIRBPM1U" failures="0" tests="2" name="com.answerdigital.qa.testcases.CareersPageTest" time="42.414" errors="0" timestamp="2021-07-10T02:12:55 BST" skipped="0">
  <testcase classname="com.answerdigital.qa.testcases.CareersPageTest" name="CareersPageTitleTest" time="14.960"/>
  <system-out/>
  <testcase classname="com.answerdigital.qa.testcases.CareersPageTest" name="SearchJobLinkTest" time="27.454"/>
  <system-out/>
</testsuite> <!-- com.answerdigital.qa.testcases.CareersPageTest -->
